<?xml version="1.0" encoding="UTF-8"?>
<!-- Generated by org.testng.reporters.JUnitReportReporter -->
<testsuite hostname="DESKTOP-CHDFTIH" failures="0" tests="3" name="StepDefinitions.Hook.TestNgRunner" time="243.271" errors="1" timestamp="2023-11-01T10:57:40 IST" skipped="0">
  <testcase classname="StepDefinitions.Hook.TestNgRunner" name="runScenario" time="0.350">
    <error message="Cannot invoke &quot;String.equalsIgnoreCase(String)&quot; because &quot;browser&quot; is null" type="java.lang.NullPointerException">
      <![CDATA[java.lang.NullPointerException: Cannot invoke "String.equalsIgnoreCase(String)" because "browser" is null
at StepDefinitions.Hook.WebDriverSingleton.getDriver(WebDriverSingleton.java:17)
at StepDefinitions.Hook.Hook.setUp(Hook.java:22)
]]>
    </error>
  </testcase> <!-- runScenario -->
  <testcase classname="StepDefinitions.Hook.TestNgRunner" name="runScenario" time="117.156"/>
  <testcase classname="StepDefinitions.Hook.TestNgRunner" name="runScenario" time="125.765"/>
</testsuite> <!-- StepDefinitions.Hook.TestNgRunner -->
