<?xml version="1.0" encoding="UTF-8"?>
<!-- Generated by org.testng.reporters.JUnitReportReporter -->
<testsuite hostname="DESKTOP-CHDFTIH" failures="0" tests="3" name="StepDefinitions.Hook.TestNgRunner" time="432.226" errors="0" timestamp="2023-11-01T12:17:41 IST" skipped="0">
  <testcase classname="StepDefinitions.Hook.TestNgRunner" name="runScenario" time="133.655"/>
  <testcase classname="StepDefinitions.Hook.TestNgRunner" name="runScenario" time="144.978"/>
  <testcase classname="StepDefinitions.Hook.TestNgRunner" name="runScenario" time="153.593"/>
</testsuite> <!-- StepDefinitions.Hook.TestNgRunner -->
