<?xml version="1.0" encoding="UTF-8"?>
<!-- Generated by org.testng.reporters.JUnitReportReporter -->
<testsuite hostname="DESKTOP-CHDFTIH" failures="0" tests="3" name="StepDefinitions.Hook.TestNgRunner" time="148.465" errors="1" timestamp="2023-10-31T17:18:42 IST" skipped="0">
  <testcase classname="StepDefinitions.Hook.TestNgRunner" name="runScenario" time="50.662"/>
  <testcase classname="StepDefinitions.Hook.TestNgRunner" name="runScenario" time="97.431"/>
  <testcase classname="StepDefinitions.Hook.TestNgRunner" name="runScenario" time="0.372">
    <error message="Cannot invoke &quot;String.equalsIgnoreCase(String)&quot; because &quot;browser&quot; is null" type="java.lang.NullPointerException">
      <![CDATA[java.lang.NullPointerException: Cannot invoke "String.equalsIgnoreCase(String)" because "browser" is null
at StepDefinitions.Hook.WebDriverSingleton.getDriver(WebDriverSingleton.java:17)
at StepDefinitions.Hook.Hook.setUp(Hook.java:22)
]]>
    </error>
  </testcase> <!-- runScenario -->
</testsuite> <!-- StepDefinitions.Hook.TestNgRunner -->
