<?xml version="1.0" encoding="UTF-8"?>
<!-- Generated by org.testng.reporters.JUnitReportReporter -->
<testsuite hostname="DESKTOP-CHDFTIH" failures="0" tests="1" name="StepDefinitions.Hook.TestNgRunner1" time="46.127" errors="0" timestamp="2023-10-31T10:25:46 IST" skipped="0">
  <testcase classname="StepDefinitions.Hook.TestNgRunner1" name="runScenario" time="46.127"/>
</testsuite> <!-- StepDefinitions.Hook.TestNgRunner1 -->
